[02-Aug-2024 04:05:55 UTC] Automatic updates starting...
[02-Aug-2024 04:05:57 UTC]   Automatic plugin updates starting...
[02-Aug-2024 04:05:57 UTC]   Automatic plugin updates complete.
[02-Aug-2024 04:05:59 UTC]   Automatic theme updates starting...
[02-Aug-2024 04:05:59 UTC]   Automatic theme updates complete.
[02-Aug-2024 04:05:59 UTC] Automatic updates complete.
[05-Aug-2024 06:03:06 UTC] PHP Warning:  wp_version_check(): An unexpected error occurred. Something may be wrong with WordPress.org or this server&#8217;s configuration. If you continue to have problems, please try the <a href="https://wordpress.org/support/forums/">support forums</a>. (WordPress could not establish a secure connection to WordPress.org. Please contact your server administrator.) in C:\laragon\www\edufax\wp-includes\functions.php on line 6085
[05-Aug-2024 06:03:20 UTC] PHP Warning:  wp_update_plugins(): An unexpected error occurred. Something may be wrong with WordPress.org or this server&#8217;s configuration. If you continue to have problems, please try the <a href="https://wordpress.org/support/forums/">support forums</a>. (WordPress could not establish a secure connection to WordPress.org. Please contact your server administrator.) in C:\laragon\www\edufax\wp-includes\functions.php on line 6085
[05-Aug-2024 06:03:20 UTC] PHP Warning:  wp_update_themes(): An unexpected error occurred. Something may be wrong with WordPress.org or this server&#8217;s configuration. If you continue to have problems, please try the <a href="https://wordpress.org/support/forums/">support forums</a>. (WordPress could not establish a secure connection to WordPress.org. Please contact your server administrator.) in C:\laragon\www\edufax\wp-includes\functions.php on line 6085
[05-Aug-2024 16:31:01 UTC] Automatic updates starting...
[05-Aug-2024 16:31:15 UTC]   Automatic plugin updates starting...
[05-Aug-2024 16:31:15 UTC]   Automatic plugin updates complete.
[05-Aug-2024 16:31:19 UTC]   Automatic theme updates starting...
[05-Aug-2024 16:31:19 UTC]   Automatic theme updates complete.
[05-Aug-2024 16:31:19 UTC] Automatic updates complete.
[26-Sep-2024 13:01:21 UTC] Automatic updates starting...
[26-Sep-2024 13:01:38 UTC]   Automatic plugin updates starting...
[26-Sep-2024 13:01:38 UTC]   Automatic plugin updates complete.
[26-Sep-2024 13:01:42 UTC]   Automatic theme updates starting...
[26-Sep-2024 13:01:42 UTC]   Automatic theme updates complete.
[26-Sep-2024 13:01:42 UTC] Automatic updates complete.
[26-Sep-2024 13:04:25 UTC] PHP Warning:  get_core_checksums(): An unexpected error occurred. Something may be wrong with WordPress.org or this server&#8217;s configuration. If you continue to have problems, please try the <a href="https://wordpress.org/support/forums/">support forums</a>. (WordPress could not establish a secure connection to WordPress.org. Please contact your server administrator.) in C:\laragon\www\edufax\wp-includes\functions.php on line 6085
[26-Sep-2024 13:10:05 UTC] PHP Warning:  wp_update_themes(): An unexpected error occurred. Something may be wrong with WordPress.org or this server&#8217;s configuration. If you continue to have problems, please try the <a href="https://wordpress.org/support/forums/">support forums</a>. (WordPress could not establish a secure connection to WordPress.org. Please contact your server administrator.) in C:\laragon\www\edufax\wp-includes\functions.php on line 6085
[26-Sep-2024 13:17:28 UTC] PHP Warning:  wp_update_plugins(): An unexpected error occurred. Something may be wrong with WordPress.org or this server&#8217;s configuration. If you continue to have problems, please try the <a href="https://wordpress.org/support/forums/">support forums</a>. (WordPress could not establish a secure connection to WordPress.org. Please contact your server administrator.) in C:\laragon\www\edufax\wp-includes\functions.php on line 6085
[26-Sep-2024 13:18:23 UTC] PHP Warning:  wp_version_check(): An unexpected error occurred. Something may be wrong with WordPress.org or this server&#8217;s configuration. If you continue to have problems, please try the <a href="https://wordpress.org/support/forums/">support forums</a>. (WordPress could not establish a secure connection to WordPress.org. Please contact your server administrator.) in C:\laragon\www\edufax\wp-includes\functions.php on line 6085
[26-Sep-2024 13:19:14 UTC] PHP Warning:  wp_update_themes(): An unexpected error occurred. Something may be wrong with WordPress.org or this server&#8217;s configuration. If you continue to have problems, please try the <a href="https://wordpress.org/support/forums/">support forums</a>. (WordPress could not establish a secure connection to WordPress.org. Please contact your server administrator.) in C:\laragon\www\edufax\wp-includes\functions.php on line 6085
[26-Sep-2024 14:06:54 UTC] Automatic updates starting...
[26-Sep-2024 14:06:54 UTC]   Automatic theme updates starting...
[26-Sep-2024 14:06:54 UTC]   Automatic theme updates complete.
[26-Sep-2024 14:06:54 UTC] Automatic updates complete.
[27-Sep-2024 09:12:13 UTC] PHP Warning:  mysqli_real_connect(): (HY000/2002): No connection could be made because the target machine actively refused it in C:\laragon\www\edufax\wp-includes\class-wpdb.php on line 1982
[27-Sep-2024 09:12:19 UTC] PHP Warning:  mysqli_real_connect(): (HY000/2002): No connection could be made because the target machine actively refused it in C:\laragon\www\edufax\wp-includes\class-wpdb.php on line 1982
[27-Sep-2024 09:15:54 UTC] Automatic updates starting...
[27-Sep-2024 09:15:59 UTC]   Automatic theme updates starting...
[27-Sep-2024 09:15:59 UTC]   Automatic theme updates complete.
[27-Sep-2024 09:15:59 UTC] Automatic updates complete.
[27-Sep-2024 15:01:07 UTC] Automatic updates starting...
[27-Sep-2024 15:01:10 UTC]   Automatic theme updates starting...
[27-Sep-2024 15:01:10 UTC]   Automatic theme updates complete.
[27-Sep-2024 15:01:10 UTC] Automatic updates complete.
[27-Sep-2024 18:19:21 UTC] PHP Deprecated:  Function print_emoji_styles is <strong>deprecated</strong> since version 6.4.0! Use wp_enqueue_emoji_styles instead. in C:\laragon\www\edufax\wp-includes\functions.php on line 6085
[27-Sep-2024 20:23:25 UTC] PHP Fatal error:  Uncaught Error: Call to undefined function mscore_breadcrumb() in C:\laragon\www\edufax\wp-content\themes\edufax\inc\common\edufax-breadcrumb.php:15
Stack trace:
#0 C:\laragon\www\edufax\wp-includes\class-wp-hook.php(324): edufax_breadcrumb_func('')
#1 C:\laragon\www\edufax\wp-includes\class-wp-hook.php(348): WP_Hook->apply_filters('', Array)
#2 C:\laragon\www\edufax\wp-includes\plugin.php(517): WP_Hook->do_action(Array)
#3 C:\laragon\www\edufax\wp-content\themes\edufax\header.php(115): do_action('edufax_before_m...')
#4 C:\laragon\www\edufax\wp-includes\template.php(810): require_once('C:\\laragon\\www\\...')
#5 C:\laragon\www\edufax\wp-includes\template.php(745): load_template('C:\\laragon\\www\\...', true, Array)
#6 C:\laragon\www\edufax\wp-includes\general-template.php(48): locate_template(Array, true, true, Array)
#7 C:\laragon\www\edufax\wp-content\themes\edufax\index.php(16): get_header()
#8 C:\laragon\www\edufax\wp-includes\template-loader.php(106): include('C:\\laragon\\www\\...')
#9 C:\laragon\www\edufax\wp-blog-header.php(19): require_once('C:\\laragon\\www\\...')
#10 C:\laragon\www\edufax\index.php(17): require('C:\\laragon\\www\\...')
#11 {main}
  thrown in C:\laragon\www\edufax\wp-content\themes\edufax\inc\common\edufax-breadcrumb.php on line 15
[28-Sep-2024 13:02:02 UTC] PHP Warning:  mysqli_real_connect(): (HY000/2002): No connection could be made because the target machine actively refused it in C:\laragon\www\edufax\wp-includes\class-wpdb.php on line 1982
[28-Sep-2024 13:02:13 UTC] PHP Warning:  mysqli_real_connect(): (HY000/2002): No connection could be made because the target machine actively refused it in C:\laragon\www\edufax\wp-includes\class-wpdb.php on line 1982
[28-Sep-2024 13:02:32 UTC] Automatic updates starting...
[28-Sep-2024 13:02:37 UTC]   Automatic plugin updates starting...
[28-Sep-2024 13:02:38 UTC]   Automatic plugin updates complete.
[28-Sep-2024 13:02:40 UTC] Automatic updates complete.
[28-Sep-2024 13:59:06 UTC] PHP Parse error:  syntax error, unexpected identifier "curbon", expecting "(" in C:\laragon\www\edufax\wp-content\themes\edufax\functions.php on line 220
[28-Sep-2024 13:59:07 UTC] PHP Warning:  Trying to access array offset on value of type bool in C:\laragon\www\edufax\wp-includes\class-wp-recovery-mode-email-service.php on line 367
[28-Sep-2024 13:59:07 UTC] PHP Warning:  Trying to access array offset on value of type bool in C:\laragon\www\edufax\wp-includes\class-wp-recovery-mode-email-service.php on line 368
[28-Sep-2024 14:01:08 UTC] PHP Warning:  require_once(C:\laragon\www\edufax/wp-content/themes/edufax/inc/carbon-fields.php): Failed to open stream: No such file or directory in C:\laragon\www\edufax\wp-content\themes\edufax\functions.php on line 222
[28-Sep-2024 14:01:08 UTC] PHP Fatal error:  Uncaught Error: Failed opening required 'C:\laragon\www\edufax/wp-content/themes/edufax/inc/carbon-fields.php' (include_path='C:\laragon\www\edufax\wp-content\plugins\kirki/;C:\laragon\www\edufax\wp-content\plugins\kirki/core;.;C:/laragon/etc/php/pear') in C:\laragon\www\edufax\wp-content\themes\edufax\functions.php:222
Stack trace:
#0 C:\laragon\www\edufax\wp-settings.php(668): include()
#1 C:\laragon\www\edufax\wp-config.php(101): require_once('C:\\laragon\\www\\...')
#2 C:\laragon\www\edufax\wp-load.php(50): require_once('C:\\laragon\\www\\...')
#3 C:\laragon\www\edufax\wp-admin\admin-ajax.php(22): require_once('C:\\laragon\\www\\...')
#4 {main}
  thrown in C:\laragon\www\edufax\wp-content\themes\edufax\functions.php on line 222
[28-Sep-2024 14:04:22 UTC] PHP Warning:  require_once(C:\laragon\www\edufax/wp-content/themes/edufax/inc/carbon-fields.php): Failed to open stream: No such file or directory in C:\laragon\www\edufax\wp-content\themes\edufax\functions.php on line 222
[28-Sep-2024 14:04:22 UTC] PHP Fatal error:  Uncaught Error: Failed opening required 'C:\laragon\www\edufax/wp-content/themes/edufax/inc/carbon-fields.php' (include_path='C:\laragon\www\edufax\wp-content\plugins\kirki/;C:\laragon\www\edufax\wp-content\plugins\kirki/core;.;C:/laragon/etc/php/pear') in C:\laragon\www\edufax\wp-content\themes\edufax\functions.php:222
Stack trace:
#0 C:\laragon\www\edufax\wp-settings.php(668): include()
#1 C:\laragon\www\edufax\wp-config.php(101): require_once('C:\\laragon\\www\\...')
#2 C:\laragon\www\edufax\wp-load.php(50): require_once('C:\\laragon\\www\\...')
#3 C:\laragon\www\edufax\wp-admin\admin-ajax.php(22): require_once('C:\\laragon\\www\\...')
#4 {main}
  thrown in C:\laragon\www\edufax\wp-content\themes\edufax\functions.php on line 222
[28-Sep-2024 14:07:44 UTC] PHP Warning:  require_once(C:\laragon\www\edufax/wp-content/themes/edufax/inc/carbon-fields.php): Failed to open stream: No such file or directory in C:\laragon\www\edufax\wp-content\themes\edufax\functions.php on line 222
[28-Sep-2024 14:07:44 UTC] PHP Fatal error:  Uncaught Error: Failed opening required 'C:\laragon\www\edufax/wp-content/themes/edufax/inc/carbon-fields.php' (include_path='C:\laragon\www\edufax\wp-content\plugins\kirki/;C:\laragon\www\edufax\wp-content\plugins\kirki/core;.;C:/laragon/etc/php/pear') in C:\laragon\www\edufax\wp-content\themes\edufax\functions.php:222
Stack trace:
#0 C:\laragon\www\edufax\wp-settings.php(668): include()
#1 C:\laragon\www\edufax\wp-config.php(101): require_once('C:\\laragon\\www\\...')
#2 C:\laragon\www\edufax\wp-load.php(50): require_once('C:\\laragon\\www\\...')
#3 C:\laragon\www\edufax\wp-admin\admin-ajax.php(22): require_once('C:\\laragon\\www\\...')
#4 {main}
  thrown in C:\laragon\www\edufax\wp-content\themes\edufax\functions.php on line 222
[28-Sep-2024 14:07:44 UTC] PHP Warning:  require_once(C:\laragon\www\edufax/wp-content/themes/edufax/inc/carbon-fields.php): Failed to open stream: No such file or directory in C:\laragon\www\edufax\wp-content\themes\edufax\functions.php on line 222
[28-Sep-2024 14:07:44 UTC] PHP Fatal error:  Uncaught Error: Failed opening required 'C:\laragon\www\edufax/wp-content/themes/edufax/inc/carbon-fields.php' (include_path='C:\laragon\www\edufax\wp-content\plugins\kirki/;C:\laragon\www\edufax\wp-content\plugins\kirki/core;.;C:/laragon/etc/php/pear') in C:\laragon\www\edufax\wp-content\themes\edufax\functions.php:222
Stack trace:
#0 C:\laragon\www\edufax\wp-settings.php(668): include()
#1 C:\laragon\www\edufax\wp-config.php(101): require_once('C:\\laragon\\www\\...')
#2 C:\laragon\www\edufax\wp-load.php(50): require_once('C:\\laragon\\www\\...')
#3 C:\laragon\www\edufax\wp-admin\admin.php(34): require_once('C:\\laragon\\www\\...')
#4 C:\laragon\www\edufax\wp-admin\index.php(10): require_once('C:\\laragon\\www\\...')
#5 {main}
  thrown in C:\laragon\www\edufax\wp-content\themes\edufax\functions.php on line 222
[28-Sep-2024 14:07:48 UTC] PHP Warning:  require_once(C:\laragon\www\edufax/wp-content/themes/edufax/inc/carbon-fields.php): Failed to open stream: No such file or directory in C:\laragon\www\edufax\wp-content\themes\edufax\functions.php on line 222
[28-Sep-2024 14:07:48 UTC] PHP Fatal error:  Uncaught Error: Failed opening required 'C:\laragon\www\edufax/wp-content/themes/edufax/inc/carbon-fields.php' (include_path='C:\laragon\www\edufax\wp-content\plugins\kirki/;C:\laragon\www\edufax\wp-content\plugins\kirki/core;.;C:/laragon/etc/php/pear') in C:\laragon\www\edufax\wp-content\themes\edufax\functions.php:222
Stack trace:
#0 C:\laragon\www\edufax\wp-settings.php(668): include()
#1 C:\laragon\www\edufax\wp-config.php(101): require_once('C:\\laragon\\www\\...')
#2 C:\laragon\www\edufax\wp-load.php(50): require_once('C:\\laragon\\www\\...')
#3 C:\laragon\www\edufax\wp-blog-header.php(13): require_once('C:\\laragon\\www\\...')
#4 C:\laragon\www\edufax\index.php(17): require('C:\\laragon\\www\\...')
#5 {main}
  thrown in C:\laragon\www\edufax\wp-content\themes\edufax\functions.php on line 222
[28-Sep-2024 14:08:10 UTC] PHP Parse error:  syntax error, unexpected token ";", expecting ")" in C:\laragon\www\edufax\wp-content\themes\edufax\inc\ms-metabox.php on line 427
[28-Sep-2024 14:08:12 UTC] PHP Parse error:  syntax error, unexpected token ";", expecting ")" in C:\laragon\www\edufax\wp-content\themes\edufax\inc\ms-metabox.php on line 427
[28-Sep-2024 14:12:17 UTC] PHP Fatal error:  Uncaught Error: Call to undefined method Carbon_Fields\Field\Image_Field::conditional() in C:\laragon\www\edufax\wp-content\themes\edufax\inc\ms-metabox.php:367
Stack trace:
#0 C:\laragon\www\edufax\wp-includes\class-wp-hook.php(324): edufax_register_fields('')
#1 C:\laragon\www\edufax\wp-includes\class-wp-hook.php(348): WP_Hook->apply_filters(NULL, Array)
#2 C:\laragon\www\edufax\wp-includes\plugin.php(517): WP_Hook->do_action(Array)
#3 C:\laragon\www\edufax\wp-content\plugins\mojar-core\vendor\htmlburger\carbon-fields\core\Loader\Loader.php(113): do_action('carbon_fields_r...')
#4 C:\laragon\www\edufax\wp-includes\class-wp-hook.php(324): Carbon_Fields\Loader\Loader->trigger_fields_register('')
#5 C:\laragon\www\edufax\wp-includes\class-wp-hook.php(348): WP_Hook->apply_filters(NULL, Array)
#6 C:\laragon\www\edufax\wp-includes\plugin.php(517): WP_Hook->do_action(Array)
#7 C:\laragon\www\edufax\wp-settings.php(700): do_action('init')
#8 C:\laragon\www\edufax\wp-config.php(101): require_once('C:\\laragon\\www\\...')
#9 C:\laragon\www\edufax\wp-load.php(50): require_once('C:\\laragon\\www\\...')
#10 C:\laragon\www\edufax\wp-blog-header.php(13): require_once('C:\\laragon\\www\\...')
#11 C:\laragon\www\edufax\index.php(17): require('C:\\laragon\\www\\...')
#12 {main}
  thrown in C:\laragon\www\edufax\wp-content\themes\edufax\inc\ms-metabox.php on line 367
[28-Sep-2024 14:12:18 UTC] PHP Fatal error:  Uncaught Error: Call to undefined method Carbon_Fields\Field\Image_Field::conditional() in C:\laragon\www\edufax\wp-content\themes\edufax\inc\ms-metabox.php:367
Stack trace:
#0 C:\laragon\www\edufax\wp-includes\class-wp-hook.php(324): edufax_register_fields('')
#1 C:\laragon\www\edufax\wp-includes\class-wp-hook.php(348): WP_Hook->apply_filters(NULL, Array)
#2 C:\laragon\www\edufax\wp-includes\plugin.php(517): WP_Hook->do_action(Array)
#3 C:\laragon\www\edufax\wp-content\plugins\mojar-core\vendor\htmlburger\carbon-fields\core\Loader\Loader.php(113): do_action('carbon_fields_r...')
#4 C:\laragon\www\edufax\wp-includes\class-wp-hook.php(324): Carbon_Fields\Loader\Loader->trigger_fields_register('')
#5 C:\laragon\www\edufax\wp-includes\class-wp-hook.php(348): WP_Hook->apply_filters(NULL, Array)
#6 C:\laragon\www\edufax\wp-includes\plugin.php(517): WP_Hook->do_action(Array)
#7 C:\laragon\www\edufax\wp-settings.php(700): do_action('init')
#8 C:\laragon\www\edufax\wp-config.php(101): require_once('C:\\laragon\\www\\...')
#9 C:\laragon\www\edufax\wp-load.php(50): require_once('C:\\laragon\\www\\...')
#10 C:\laragon\www\edufax\wp-admin\admin.php(34): require_once('C:\\laragon\\www\\...')
#11 C:\laragon\www\edufax\wp-admin\index.php(10): require_once('C:\\laragon\\www\\...')
#12 {main}
  thrown in C:\laragon\www\edufax\wp-content\themes\edufax\inc\ms-metabox.php on line 367
[28-Sep-2024 14:12:20 UTC] PHP Fatal error:  Uncaught Error: Call to undefined method Carbon_Fields\Field\Image_Field::conditional() in C:\laragon\www\edufax\wp-content\themes\edufax\inc\ms-metabox.php:367
Stack trace:
#0 C:\laragon\www\edufax\wp-includes\class-wp-hook.php(324): edufax_register_fields('')
#1 C:\laragon\www\edufax\wp-includes\class-wp-hook.php(348): WP_Hook->apply_filters(NULL, Array)
#2 C:\laragon\www\edufax\wp-includes\plugin.php(517): WP_Hook->do_action(Array)
#3 C:\laragon\www\edufax\wp-content\plugins\mojar-core\vendor\htmlburger\carbon-fields\core\Loader\Loader.php(113): do_action('carbon_fields_r...')
#4 C:\laragon\www\edufax\wp-includes\class-wp-hook.php(324): Carbon_Fields\Loader\Loader->trigger_fields_register('')
#5 C:\laragon\www\edufax\wp-includes\class-wp-hook.php(348): WP_Hook->apply_filters(NULL, Array)
#6 C:\laragon\www\edufax\wp-includes\plugin.php(517): WP_Hook->do_action(Array)
#7 C:\laragon\www\edufax\wp-settings.php(700): do_action('init')
#8 C:\laragon\www\edufax\wp-config.php(101): require_once('C:\\laragon\\www\\...')
#9 C:\laragon\www\edufax\wp-load.php(50): require_once('C:\\laragon\\www\\...')
#10 C:\laragon\www\edufax\wp-blog-header.php(13): require_once('C:\\laragon\\www\\...')
#11 C:\laragon\www\edufax\index.php(17): require('C:\\laragon\\www\\...')
#12 {main}
  thrown in C:\laragon\www\edufax\wp-content\themes\edufax\inc\ms-metabox.php on line 367
[28-Sep-2024 14:12:22 UTC] PHP Fatal error:  Uncaught Error: Call to undefined method Carbon_Fields\Field\Image_Field::conditional() in C:\laragon\www\edufax\wp-content\themes\edufax\inc\ms-metabox.php:367
Stack trace:
#0 C:\laragon\www\edufax\wp-includes\class-wp-hook.php(324): edufax_register_fields('')
#1 C:\laragon\www\edufax\wp-includes\class-wp-hook.php(348): WP_Hook->apply_filters(NULL, Array)
#2 C:\laragon\www\edufax\wp-includes\plugin.php(517): WP_Hook->do_action(Array)
#3 C:\laragon\www\edufax\wp-content\plugins\mojar-core\vendor\htmlburger\carbon-fields\core\Loader\Loader.php(113): do_action('carbon_fields_r...')
#4 C:\laragon\www\edufax\wp-includes\class-wp-hook.php(324): Carbon_Fields\Loader\Loader->trigger_fields_register('')
#5 C:\laragon\www\edufax\wp-includes\class-wp-hook.php(348): WP_Hook->apply_filters(NULL, Array)
#6 C:\laragon\www\edufax\wp-includes\plugin.php(517): WP_Hook->do_action(Array)
#7 C:\laragon\www\edufax\wp-settings.php(700): do_action('init')
#8 C:\laragon\www\edufax\wp-config.php(101): require_once('C:\\laragon\\www\\...')
#9 C:\laragon\www\edufax\wp-load.php(50): require_once('C:\\laragon\\www\\...')
#10 C:\laragon\www\edufax\wp-blog-header.php(13): require_once('C:\\laragon\\www\\...')
#11 C:\laragon\www\edufax\index.php(17): require('C:\\laragon\\www\\...')
#12 {main}
  thrown in C:\laragon\www\edufax\wp-content\themes\edufax\inc\ms-metabox.php on line 367
[28-Sep-2024 14:17:02 UTC] Automatic updates starting...
[28-Sep-2024 14:17:02 UTC]   Automatic plugin updates starting...
[28-Sep-2024 14:17:02 UTC]   Automatic plugin updates complete.
[28-Sep-2024 14:17:02 UTC] Automatic updates complete.
[29-Sep-2024 13:19:05 UTC] Automatic updates starting...
[29-Sep-2024 13:19:08 UTC]   Automatic plugin updates starting...
[29-Sep-2024 13:19:08 UTC]   Automatic plugin updates complete.
[29-Sep-2024 13:19:10 UTC] Automatic updates complete.
[29-Sep-2024 14:06:00 UTC] Automatic updates starting...
[29-Sep-2024 14:06:00 UTC]   Automatic plugin updates starting...
[29-Sep-2024 14:06:00 UTC]   Automatic plugin updates complete.
[29-Sep-2024 14:06:00 UTC] Automatic updates complete.
[01-Oct-2024 13:35:45 UTC] PHP Warning:  mysqli_real_connect(): (HY000/2002): No connection could be made because the target machine actively refused it in C:\laragon\www\edufax\wp-includes\class-wpdb.php on line 1982
[01-Oct-2024 13:45:18 UTC] Automatic updates starting...
[01-Oct-2024 13:45:21 UTC]   Automatic plugin updates starting...
[01-Oct-2024 13:45:21 UTC]   Automatic plugin updates complete.
[01-Oct-2024 13:45:23 UTC] Automatic updates complete.
[01-Oct-2024 14:12:43 UTC] Automatic updates starting...
[01-Oct-2024 14:12:43 UTC]   Automatic plugin updates starting...
[01-Oct-2024 14:12:43 UTC]   Automatic plugin updates complete.
[01-Oct-2024 14:12:43 UTC] Automatic updates complete.
[04-Oct-2024 09:47:56 UTC] Automatic updates starting...
[04-Oct-2024 09:47:59 UTC]   Automatic plugin updates starting...
[04-Oct-2024 09:47:59 UTC]   Automatic plugin updates complete.
[04-Oct-2024 09:48:01 UTC] Automatic updates complete.
[05-Oct-2024 12:59:44 UTC] PHP Warning:  mysqli_real_connect(): (HY000/2002): No connection could be made because the target machine actively refused it in C:\laragon\www\edufax\wp-includes\class-wpdb.php on line 1982
[05-Oct-2024 12:59:49 UTC] PHP Warning:  mysqli_real_connect(): (HY000/2002): No connection could be made because the target machine actively refused it in C:\laragon\www\edufax\wp-includes\class-wpdb.php on line 1982
[05-Oct-2024 12:59:53 UTC] PHP Warning:  mysqli_real_connect(): (HY000/2002): No connection could be made because the target machine actively refused it in C:\laragon\www\edufax\wp-includes\class-wpdb.php on line 1982
[05-Oct-2024 13:01:35 UTC] PHP Warning:  mysqli_real_connect(): (HY000/2002): No connection could be made because the target machine actively refused it in C:\laragon\www\edufax\wp-includes\class-wpdb.php on line 1982
[05-Oct-2024 13:04:05 UTC] PHP Warning:  wp_version_check(): An unexpected error occurred. Something may be wrong with WordPress.org or this server&#8217;s configuration. If you continue to have problems, please try the <a href="https://wordpress.org/support/forums/">support forums</a>. (WordPress could not establish a secure connection to WordPress.org. Please contact your server administrator.) in C:\laragon\www\edufax\wp-includes\functions.php on line 6085
[05-Oct-2024 13:04:06 UTC] Automatic updates starting...
[05-Oct-2024 13:04:09 UTC]   Automatic plugin updates starting...
[05-Oct-2024 13:04:09 UTC]   Automatic plugin updates complete.
[05-Oct-2024 13:04:11 UTC] Automatic updates complete.
[05-Oct-2024 13:04:43 UTC] PHP Warning:  wp_update_plugins(): An unexpected error occurred. Something may be wrong with WordPress.org or this server&#8217;s configuration. If you continue to have problems, please try the <a href="https://wordpress.org/support/forums/">support forums</a>. (WordPress could not establish a secure connection to WordPress.org. Please contact your server administrator.) in C:\laragon\www\edufax\wp-includes\functions.php on line 6085
[05-Oct-2024 14:48:34 UTC] Automatic updates starting...
[05-Oct-2024 14:48:34 UTC]   Automatic plugin updates starting...
[05-Oct-2024 14:48:34 UTC]   Automatic plugin updates complete.
[05-Oct-2024 14:48:34 UTC] Automatic updates complete.
[06-Oct-2024 15:12:27 UTC] PHP Warning:  mysqli_real_connect(): (HY000/2002): No connection could be made because the target machine actively refused it in C:\laragon\www\edufax\wp-includes\class-wpdb.php on line 1982
[06-Oct-2024 15:14:17 UTC] Automatic updates starting...
[06-Oct-2024 15:14:20 UTC]   Automatic plugin updates starting...
[06-Oct-2024 15:14:20 UTC]   Automatic plugin updates complete.
[06-Oct-2024 15:14:23 UTC] Automatic updates complete.
[07-Oct-2024 14:34:35 UTC] Automatic updates starting...
[07-Oct-2024 14:34:56 UTC]   Automatic plugin updates starting...
[07-Oct-2024 14:34:56 UTC]   Automatic plugin updates complete.
[07-Oct-2024 14:35:01 UTC] Automatic updates complete.
[07-Oct-2024 14:35:21 UTC] PHP Warning:  wp_update_plugins(): An unexpected error occurred. Something may be wrong with WordPress.org or this server&#8217;s configuration. If you continue to have problems, please try the <a href="https://wordpress.org/support/forums/">support forums</a>. (WordPress could not establish a secure connection to WordPress.org. Please contact your server administrator.) in C:\laragon\www\edufax\wp-includes\functions.php on line 6085
[08-Oct-2024 16:51:03 UTC] Automatic updates starting...
[08-Oct-2024 16:51:06 UTC]   Automatic plugin updates starting...
[08-Oct-2024 16:51:06 UTC]   Automatic plugin updates complete.
[08-Oct-2024 16:51:08 UTC] Automatic updates complete.
